Arguments: 
  /usr/local/bin/node /usr/local/bin/yarn init .

PATH: 
  /usr/local/opt/docker-virtualbox/bin:/usr/local/opt/docker-virtualbox/bin:/usr/local/opt/docker-virtualbox/bin:/Users/regisksc/.zinit/polaris/sbin:/Users/regisksc/.zinit/polaris/bin:/usr/local/bin:/usr/bin:/bin:/usr/sbin:/sbin:export PATH="$PATH:/Users/regisksc/flutter/bin":/Library/Apple/usr/bin:export PATH=/usr/local/bin:/usr/bin:/bin:/usr/sbin:/sbin:export PATH="$PATH:/Users/regisksc/flutter/bin":/Library/Apple/usr/bin:/Users/regisksc/.fig/bin:/Users/regisksc/flutter/bin:/Users/regisksc/.fig/bin:/Users/regisksc/.pub-cache/bin:Users/regisksc/flutter/bin:/Users/regisksc/Dev/flutter/bin:/Users/regisksc/go-workspace/bin:/usr/local/opt/go/libexec/bin

Yarn version: 
  1.22.17

Node version: 
  14.9.0

Platform: 
  darwin x64

Trace: 
  Error: canceled
      at Interface.<anonymous> (/usr/local/lib/node_modules/yarn/lib/cli.js:137143:13)
      at Interface.emit (events.js:314:20)
      at Interface._ttyWrite (readline.js:875:16)
      at ReadStream.onkeypress (readline.js:213:10)
      at ReadStream.emit (events.js:314:20)
      at emitKeys (internal/readline/utils.js:335:14)
      at emitKeys.next (<anonymous>)
      at ReadStream.onData (readline.js:1144:36)
      at ReadStream.emit (events.js:314:20)
      at addChunk (_stream_readable.js:303:12)

npm manifest: 
  {
    "name": "qr_seeder",
    "version": "1.0.0",
    "main": "index.js",
    "author": "Regis Kian",
    "license": "MIT",
    "private": false
  }

yarn manifest: 
  No manifest

Lockfile: 
  # THIS IS AN AUTOGENERATED FILE. DO NOT EDIT THIS FILE DIRECTLY.
  # yarn lockfile v1
